<?xml version="1.0" encoding="UTF-8"?>
<testng-results ignored="0" total="1" passed="1" failed="0" skipped="0">
  <reporter-output>
  </reporter-output>
  <suite started-at="2023-05-18T12:13:11 IST" name="Default suite" finished-at="2023-05-18T12:13:30 IST" duration-ms="18837">
    <groups>
    </groups>
    <test started-at="2023-05-18T12:13:11 IST" name="Default test" finished-at="2023-05-18T12:13:30 IST" duration-ms="18837">
      <class name="com.jobportal.test.EmployerLoginTests">
        <test-method signature="beforemethod()[pri:0, instance:com.jobportal.test.EmployerLoginTests@6cd24612]" started-at="2023-05-18T12:13:11 IST" name="beforemethod" finished-at="2023-05-18T12:13:30 IST" duration-ms="18587" status="PASS">
          <reporter-output>
          </reporter-output>
        </test-method> <!-- beforemethod -->
      </class> <!-- com.jobportal.test.EmployerLoginTests -->
    </test> <!-- Default test -->
  </suite> <!-- Default suite -->
</testng-results>
